<testsuite name="Testem Tests" tests="349" skipped="0" failures="3" timestamp="Fri Apr 06 2018 20:44:29 GMT-0400 (EDT)" time="8.546"><testcase classname="Chrome 65.0" name="ESLint | addon: addon/components/animated-loading-icon.js" time="0.002"/><testcase classname="Chrome 65.0" name="ESLint | addon: addon/components/buttons/red.js" time="0"/><testcase classname="Chrome 65.0" name="ESLint | addon: addon/components/dropdown-panel.js" time="0.001"/><testcase classname="Chrome 65.0" name="ESLint | addon: addon/components/dropdown-panel/body.js" time="0"/><testcase classname="Chrome 65.0" name="ESLint | addon: addon/components/dropdown-panel/link.js" time="0"/><testcase classname="Chrome 65.0" name="ESLint | addon: addon/components/hero.js" time="0.001"/><testcase classname="Chrome 65.0" name="ESLint | addon: addon/components/hero/blurb.js" time="0"/><testcase classname="Chrome 65.0" name="ESLint | addon: addon/components/hero/footer.js" time="0"/><testcase classname="Chrome 65.0" name="ESLint | addon: addon/components/hero/headline.js" time="0.001"/><testcase classname="Chrome 65.0" name="ESLint | addon: addon/components/hero/image.js" time="0"/><testcase classname="Chrome 65.0" name="ESLint | addon: addon/components/hero/lockup.js" time="0"/><testcase classname="Chrome 65.0" name="ESLint | addon: addon/components/hero/top.js" time="0.001"/><testcase classname="Chrome 65.0" name="ESLint | addon: addon/components/hero/top/left.js" time="0"/><testcase classname="Chrome 65.0" name="ESLint | addon: addon/components/hero/top/right.js" time="0.001"/><testcase classname="Chrome 65.0" name="ESLint | addon: addon/components/network-stripe.js" time="0.001"/><testcase classname="Chrome 65.0" name="ESLint | addon: addon/components/nypr-brick-card-row.js" time="0"/><testcase classname="Chrome 65.0" name="ESLint | addon: addon/components/nypr-brick-grid.js" time="0"/><testcase classname="Chrome 65.0" name="ESLint | addon: addon/components/nypr-brick-item.js" time="0"/><testcase classname="Chrome 65.0" name="ESLint | addon: addon/components/nypr-brick-layout.js" time="0"/><testcase classname="Chrome 65.0" name="ESLint | addon: addon/components/nypr-brick-row-blowout.js" time="0"/><testcase classname="Chrome 65.0" name="ESLint | addon: addon/components/nypr-brick-row-blowout/column.js" time="0"/><testcase classname="Chrome 65.0" name="ESLint | addon: addon/components/nypr-card.js" time="0"/><testcase classname="Chrome 65.0" name="ESLint | addon: addon/components/nypr-card/alert.js" time="0"/><testcase classname="Chrome 65.0" name="ESLint | addon: addon/components/nypr-card/button.js" time="0"/><testcase classname="Chrome 65.0" name="ESLint | addon: addon/components/nypr-card/header.js" time="0"/><testcase classname="Chrome 65.0" name="ESLint | addon: addon/components/nypr-card/title.js" time="0.001"/><testcase classname="Chrome 65.0" name="ESLint | addon: addon/components/nypr-floating-banner.js" time="0"/><testcase classname="Chrome 65.0" name="ESLint | addon: addon/components/nypr-form.js" time="0"/><testcase classname="Chrome 65.0" name="ESLint | addon: addon/components/nypr-input.js" time="0"/><testcase classname="Chrome 65.0" name="ESLint | addon: addon/components/nypr-loading-templates.js" time="0"/><testcase classname="Chrome 65.0" name="ESLint | addon: addon/components/nypr-mini-chrome.js" time="0"/><testcase classname="Chrome 65.0" name="ESLint | addon: addon/components/nypr-multi-card.js" time="0"/><testcase classname="Chrome 65.0" name="ESLint | addon: addon/components/nypr-multi-card/panel.js" time="0"/><testcase classname="Chrome 65.0" name="ESLint | addon: addon/components/nypr-notification.js" time="0"/><testcase classname="Chrome 65.0" name="ESLint | addon: addon/components/nypr-popup-menu.js" time="0"/><testcase classname="Chrome 65.0" name="ESLint | addon: addon/components/nypr-share-button.js" time="0"/><testcase classname="Chrome 65.0" name="ESLint | addon: addon/components/nypr-social-icons.js" time="0"/><testcase classname="Chrome 65.0" name="ESLint | addon: addon/components/nypr-story/audio-options.js" time="0"/><testcase classname="Chrome 65.0" name="ESLint | addon: addon/components/nypr-story/body-transcript.js" time="0"/><testcase classname="Chrome 65.0" name="ESLint | addon: addon/components/nypr-story/byline.js" time="0"/><testcase classname="Chrome 65.0" name="ESLint | addon: addon/components/nypr-story/header-content.js" time="0"/><testcase classname="Chrome 65.0" name="ESLint | addon: addon/components/nypr-story/header-content/buttons.js" time="0.001"/><testcase classname="Chrome 65.0" name="ESLint | addon: addon/components/nypr-story/header-content/message.js" time="0"/><testcase classname="Chrome 65.0" name="ESLint | addon: addon/components/nypr-story/main-image.js" time="0"/><testcase classname="Chrome 65.0" name="ESLint | addon: addon/components/nypr-story/playlist.js" time="0"/><testcase classname="Chrome 65.0" name="ESLint | addon: addon/components/nypr-story/producing-org.js" time="0"/><testcase classname="Chrome 65.0" name="ESLint | addon: addon/components/nypr-story/segment.js" time="0"/><testcase classname="Chrome 65.0" name="ESLint | addon: addon/components/nypr-story/segment/buttons.js" time="0"/><testcase classname="Chrome 65.0" name="ESLint | addon: addon/components/nypr-story/segment/message.js" time="0"/><testcase classname="Chrome 65.0" name="ESLint | addon: addon/components/nypr-story/segments.js" time="0"/><testcase classname="Chrome 65.0" name="ESLint | addon: addon/components/nypr-story/series.js" time="0"/><testcase classname="Chrome 65.0" name="ESLint | addon: addon/components/nypr-story/share-buttons.js" time="0"/><testcase classname="Chrome 65.0" name="ESLint | addon: addon/components/nypr-story/show-sidebar-top.js" time="0"/><testcase classname="Chrome 65.0" name="ESLint | addon: addon/components/nypr-story/slideshow.js" time="0"/><testcase classname="Chrome 65.0" name="ESLint | addon: addon/components/nypr-svg.js" time="0"/><testcase classname="Chrome 65.0" name="ESLint | addon: addon/components/nypr-tabs.js" time="0"/><testcase classname="Chrome 65.0" name="ESLint | addon: addon/components/nypr-tabs/nypr-tabs-tablist.js" time="0"/><testcase classname="Chrome 65.0" name="ESLint | addon: addon/components/nypr-ui/brand-header.js" time="0"/><testcase classname="Chrome 65.0" name="ESLint | addon: addon/components/site-chrome.js" time="0"/><testcase classname="Chrome 65.0" name="ESLint | addon: addon/components/site-chrome/body.js" time="0"/><testcase classname="Chrome 65.0" name="ESLint | addon: addon/components/site-chrome/footer.js" time="0.001"/><testcase classname="Chrome 65.0" name="ESLint | addon: addon/components/site-chrome/nav.js" time="0"/><testcase classname="Chrome 65.0" name="ESLint | addon: addon/components/site-chrome/nav/corner.js" time="0"/><testcase classname="Chrome 65.0" name="ESLint | addon: addon/components/site-chrome/nav/footer.js" time="0"/><testcase classname="Chrome 65.0" name="ESLint | addon: addon/components/site-chrome/nav/link.js" time="0"/><testcase classname="Chrome 65.0" name="ESLint | addon: addon/components/site-chrome/nav/links.js" time="0"/><testcase classname="Chrome 65.0" name="ESLint | addon: addon/components/site-chrome/top.js" time="0"/><testcase classname="Chrome 65.0" name="ESLint | addon: addon/components/site-chrome/top/body.js" time="0"/><testcase classname="Chrome 65.0" name="ESLint | addon: addon/components/site-chrome/top/button.js" time="0"/><testcase classname="Chrome 65.0" name="ESLint | addon: addon/components/site-chrome/top/right.js" time="0"/><testcase classname="Chrome 65.0" name="ESLint | addon: addon/helpers/image-sizes.js" time="0"/><testcase classname="Chrome 65.0" name="ESLint | addon: addon/helpers/image-srcset.js" time="0"/><testcase classname="Chrome 65.0" name="ESLint | addon: addon/helpers/image-template.js" time="0"/><testcase classname="Chrome 65.0" name="ESLint | addon: addon/helpers/link-or-text.js" time="0.001"/><testcase classname="Chrome 65.0" name="ESLint | addon: addon/helpers/list-separator.js" time="0"/><testcase classname="Chrome 65.0" name="ESLint | addon: addon/helpers/serial-links.js" time="0"/><testcase classname="Chrome 65.0" name="ESLint | addon: addon/helpers/share-url.js" time="0.001"/><testcase classname="Chrome 65.0" name="ESLint | addon: addon/helpers/url-encode.js" time="0"/><testcase classname="Chrome 65.0" name="ESLint | addon: addon/mixins/image-loader.js" time="0"/><testcase classname="Chrome 65.0" name="ESLint | addon: addon/mixins/sticky-header.js" time="0"/><testcase classname="Chrome 65.0" name="ESLint | addon: addon/utils/animated-loading-icon.js" time="0"/><testcase classname="Chrome 65.0" name="ESLint | app: app/components/animated-loading-icon.js" time="0"/><testcase classname="Chrome 65.0" name="ESLint | app: app/components/dropdown-panel.js" time="0"/><testcase classname="Chrome 65.0" name="ESLint | app: app/components/dropdown-panel/body.js" time="0"/><testcase classname="Chrome 65.0" name="ESLint | app: app/components/dropdown-panel/link.js" time="0"/><testcase classname="Chrome 65.0" name="ESLint | app: app/components/network-stripe.js" time="0"/><testcase classname="Chrome 65.0" name="ESLint | app: app/components/nypr-brick-card-row.js" time="0"/><testcase classname="Chrome 65.0" name="ESLint | app: app/components/nypr-brick-grid.js" time="0"/><testcase classname="Chrome 65.0" name="ESLint | app: app/components/nypr-brick-item.js" time="0"/><testcase classname="Chrome 65.0" name="ESLint | app: app/components/nypr-brick-layout.js" time="0"/><testcase classname="Chrome 65.0" name="ESLint | app: app/components/nypr-brick-row-blowout.js" time="0.001"/><testcase classname="Chrome 65.0" name="ESLint | app: app/components/nypr-brick-row-blowout/column.js" time="0"/><testcase classname="Chrome 65.0" name="ESLint | app: app/components/nypr-card.js" time="0"/><testcase classname="Chrome 65.0" name="ESLint | app: app/components/nypr-card/alert.js" time="0.001"/><testcase classname="Chrome 65.0" name="ESLint | app: app/components/nypr-card/button.js" time="0"/><testcase classname="Chrome 65.0" name="ESLint | app: app/components/nypr-card/header.js" time="0"/><testcase classname="Chrome 65.0" name="ESLint | app: app/components/nypr-card/title.js" time="0"/><testcase classname="Chrome 65.0" name="ESLint | app: app/components/nypr-floating-banner.js" time="0"/><testcase classname="Chrome 65.0" name="ESLint | app: app/components/nypr-form.js" time="0.001"/><testcase classname="Chrome 65.0" name="ESLint | app: app/components/nypr-input.js" time="0"/><testcase classname="Chrome 65.0" name="ESLint | app: app/components/nypr-loading-templates.js" time="0"/><testcase classname="Chrome 65.0" name="ESLint | app: app/components/nypr-mini-chrome.js" time="0"/><testcase classname="Chrome 65.0" name="ESLint | app: app/components/nypr-multi-card.js" time="0.001"/><testcase classname="Chrome 65.0" name="ESLint | app: app/components/nypr-multi-card/panel.js" time="0"/><testcase classname="Chrome 65.0" name="ESLint | app: app/components/nypr-notification.js" time="0"/><testcase classname="Chrome 65.0" name="ESLint | app: app/components/nypr-popup-menu.js" time="0"/><testcase classname="Chrome 65.0" name="ESLint | app: app/components/nypr-share-button.js" time="0"/><testcase classname="Chrome 65.0" name="ESLint | app: app/components/nypr-social-icons.js" time="0"/><testcase classname="Chrome 65.0" name="ESLint | app: app/components/nypr-story/audio-options.js" time="0"/><testcase classname="Chrome 65.0" name="ESLint | app: app/components/nypr-story/body-transcript.js" time="0.001"/><testcase classname="Chrome 65.0" name="ESLint | app: app/components/nypr-story/byline.js" time="0"/><testcase classname="Chrome 65.0" name="ESLint | app: app/components/nypr-story/header-content.js" time="0"/><testcase classname="Chrome 65.0" name="ESLint | app: app/components/nypr-story/header-content/buttons.js" time="0"/><testcase classname="Chrome 65.0" name="ESLint | app: app/components/nypr-story/header-content/message.js" time="0"/><testcase classname="Chrome 65.0" name="ESLint | app: app/components/nypr-story/main-image.js" time="0"/><testcase classname="Chrome 65.0" name="ESLint | app: app/components/nypr-story/playlist.js" time="0.001"/><testcase classname="Chrome 65.0" name="ESLint | app: app/components/nypr-story/producing-org.js" time="0"/><testcase classname="Chrome 65.0" name="ESLint | app: app/components/nypr-story/segment.js" time="0"/><testcase classname="Chrome 65.0" name="ESLint | app: app/components/nypr-story/segment/buttons.js" time="0"/><testcase classname="Chrome 65.0" name="ESLint | app: app/components/nypr-story/segment/message.js" time="0"/><testcase classname="Chrome 65.0" name="ESLint | app: app/components/nypr-story/segments.js" time="0"/><testcase classname="Chrome 65.0" name="ESLint | app: app/components/nypr-story/series.js" time="0"/><testcase classname="Chrome 65.0" name="ESLint | app: app/components/nypr-story/share-buttons.js" time="0.001"/><testcase classname="Chrome 65.0" name="ESLint | app: app/components/nypr-story/show-sidebar-top.js" time="0"/><testcase classname="Chrome 65.0" name="ESLint | app: app/components/nypr-story/slideshow.js" time="0"/><testcase classname="Chrome 65.0" name="ESLint | app: app/components/nypr-svg.js" time="0"/><testcase classname="Chrome 65.0" name="ESLint | app: app/components/nypr-tabs.js" time="0.001"/><testcase classname="Chrome 65.0" name="ESLint | app: app/components/nypr-tabs/nypr-tabs-tablist.js" time="0"/><testcase classname="Chrome 65.0" name="ESLint | app: app/components/nypr-ui/brand-header.js" time="0"/><testcase classname="Chrome 65.0" name="ESLint | app: app/components/nypr-ui/buttons/red.js" time="0"/><testcase classname="Chrome 65.0" name="ESLint | app: app/components/nypr-ui/hero.js" time="0"/><testcase classname="Chrome 65.0" name="ESLint | app: app/components/nypr-ui/hero/blurb.js" time="0"/><testcase classname="Chrome 65.0" name="ESLint | app: app/components/nypr-ui/hero/footer.js" time="0.001"/><testcase classname="Chrome 65.0" name="ESLint | app: app/components/nypr-ui/hero/headline.js" time="0.001"/><testcase classname="Chrome 65.0" name="ESLint | app: app/components/nypr-ui/hero/image.js" time="0"/><testcase classname="Chrome 65.0" name="ESLint | app: app/components/nypr-ui/hero/lockup.js" time="0"/><testcase classname="Chrome 65.0" name="ESLint | app: app/components/nypr-ui/hero/top.js" time="0.001"/><testcase classname="Chrome 65.0" name="ESLint | app: app/components/nypr-ui/hero/top/left.js" time="0"/><testcase classname="Chrome 65.0" name="ESLint | app: app/components/nypr-ui/hero/top/right.js" time="0"/><testcase classname="Chrome 65.0" name="ESLint | app: app/components/site-chrome.js" time="0"/><testcase classname="Chrome 65.0" name="ESLint | app: app/components/site-chrome/body.js" time="0"/><testcase classname="Chrome 65.0" name="ESLint | app: app/components/site-chrome/footer.js" time="0"/><testcase classname="Chrome 65.0" name="ESLint | app: app/components/site-chrome/nav.js" time="0"/><testcase classname="Chrome 65.0" name="ESLint | app: app/components/site-chrome/nav/corner.js" time="0"/><testcase classname="Chrome 65.0" name="ESLint | app: app/components/site-chrome/nav/footer.js" time="0.001"/><testcase classname="Chrome 65.0" name="ESLint | app: app/components/site-chrome/nav/link.js" time="0"/><testcase classname="Chrome 65.0" name="ESLint | app: app/components/site-chrome/nav/links.js" time="0"/><testcase classname="Chrome 65.0" name="ESLint | app: app/components/site-chrome/top.js" time="0"/><testcase classname="Chrome 65.0" name="ESLint | app: app/components/site-chrome/top/body.js" time="0"/><testcase classname="Chrome 65.0" name="ESLint | app: app/components/site-chrome/top/button.js" time="0"/><testcase classname="Chrome 65.0" name="ESLint | app: app/components/site-chrome/top/right.js" time="0"/><testcase classname="Chrome 65.0" name="ESLint | app: app/helpers/image-sizes.js" time="0.001"/><testcase classname="Chrome 65.0" name="ESLint | app: app/helpers/image-srcset.js" time="0"/><testcase classname="Chrome 65.0" name="ESLint | app: app/helpers/image-template.js" time="0"/><testcase classname="Chrome 65.0" name="ESLint | app: app/helpers/link-or-text.js" time="0"/><testcase classname="Chrome 65.0" name="ESLint | app: app/helpers/list-separator.js" time="0.001"/><testcase classname="Chrome 65.0" name="ESLint | app: app/helpers/serial-links.js" time="0"/><testcase classname="Chrome 65.0" name="ESLint | app: app/helpers/share-url.js" time="0"/><testcase classname="Chrome 65.0" name="ESLint | app: app/helpers/url-encode.js" time="0"/><testcase classname="Chrome 65.0" name="ESLint | app: app/mixins/image-loader.js" time="0"/><testcase classname="Chrome 65.0" name="ESLint | app: app/utils/animated-loading-icon.js" time="0.001"/><testcase classname="Chrome 65.0" name="ESLint | app: app.js" time="0"/><testcase classname="Chrome 65.0" name="ESLint | app: components/your-info.js" time="0"/><testcase classname="Chrome 65.0" name="ESLint | app: controllers/multi-card.js" time="0"/><testcase classname="Chrome 65.0" name="ESLint | app: controllers/svg.js" time="0"/><testcase classname="Chrome 65.0" name="ESLint | app: resolver.js" time="0"/><testcase classname="Chrome 65.0" name="ESLint | app: router.js" time="0"/><testcase classname="Chrome 65.0" name="ESLint | app: routes/brand-header.js" time="0"/><testcase classname="Chrome 65.0" name="ESLint | app: routes/brick.js" time="0"/><testcase classname="Chrome 65.0" name="ESLint | app: routes/card.js" time="0"/><testcase classname="Chrome 65.0" name="ESLint | app: routes/chrome.js" time="0"/><testcase classname="Chrome 65.0" name="ESLint | app: routes/hero.js" time="0.001"/><testcase classname="Chrome 65.0" name="ESLint | app: routes/multi-card.js" time="0"/><testcase classname="Chrome 65.0" name="ESLint | app: routes/svg.js" time="0"/><testcase classname="Chrome 65.0" name="ESLint | app: routes/tabs.js" time="0"/><testcase classname="Chrome 65.0" name="Integration | Component | animated loading icon: it renders" time="0.319"/><testcase classname="Chrome 65.0" name="Integration | Component | animated loading icon: it sets the width and height on the canvas element" time="0.034"/><testcase classname="Chrome 65.0" name="TestLoader Failures: dummy/tests/integration/components/dropdown-panel-test: could not be loaded" time="0.001"><error message="Died on test #1     at TestLoader.moduleLoadFailure (http://localhost:7357/assets/test-support.js:26098:22)
    at TestLoader.require (http://localhost:7357/assets/test-support.js:24306:14)
    at TestLoader.loadModules (http://localhost:7357/assets/test-support.js:24297:14)
    at loadTests (http://localhost:7357/assets/test-support.js:26120:22)
    at start (http://localhost:7357/assets/test-support.js:25874:33)
    at Module.callback (http://localhost:7357/assets/tests.js:2625:25)
    at Module.exports (http://localhost:7357/assets/vendor.js:111:32): Could not find module `dummy/tests/helpers/ember-basic-dropdown` imported from `dummy/tests/integration/components/dropdown-panel-test`"><![CDATA[Error: Could not find module `dummy/tests/helpers/ember-basic-dropdown` imported from `dummy/tests/integration/components/dropdown-panel-test`
    at missingModule (http://localhost:7357/assets/vendor.js:252:11)
    at findModule (http://localhost:7357/assets/vendor.js:263:7)
    at Module.findDeps (http://localhost:7357/assets/vendor.js:173:24)
    at findModule (http://localhost:7357/assets/vendor.js:267:11)
    at requireModule (http://localhost:7357/assets/vendor.js:29:15)
    at TestLoader.require (http://localhost:7357/assets/test-support.js:24304:9)
    at TestLoader.loadModules (http://localhost:7357/assets/test-support.js:24297:14)
    at loadTests (http://localhost:7357/assets/test-support.js:26120:22)
    at start (http://localhost:7357/assets/test-support.js:25874:33)
    at Module.callback (http://localhost:7357/assets/tests.js:2625:25)]]></error></testcase><testcase classname="Chrome 65.0" name="Integration | Component | dropdown panel/body: it renders" time="0.057"/><testcase classname="Chrome 65.0" name="Integration | Component | hero header: it renders" time="0.051"/><testcase classname="Chrome 65.0" name="Integration | Component | hero header: renders an image" time="0.120"/><testcase classname="Chrome 65.0" name="Integration | Component | nypr-ui/hero/blurb: it renders" time="0.028"/><testcase classname="Chrome 65.0" name="Integration | Component | nypr ui/hero/footer: it renders" time="0.029"/><testcase classname="Chrome 65.0" name="Integration | Component | nypr-ui/hero/headline: it renders" time="0.027"/><testcase classname="Chrome 65.0" name="Integration | Component | nypr ui/hero/image: it fires the sendImage action when rendered" time="0.046"/><testcase classname="Chrome 65.0" name="Integration | Component | nypr-ui/hero/lockup: it renders" time="0.029"/><testcase classname="Chrome 65.0" name="Integration | Component | nypr-ui/hero/top: it renders" time="0.028"/><testcase classname="Chrome 65.0" name="Integration | Component | nypr-ui/hero/top/left: it renders" time="0.029"/><testcase classname="Chrome 65.0" name="Integration | Component | nypr-ui/hero/top/right: it renders" time="0.030"/><testcase classname="Chrome 65.0" name="Integration | Component | network stripe: it renders" time="0.047"/><testcase classname="Chrome 65.0" name="Integration | Component | nypr brick card row: it renders" time="0.084"/><testcase classname="Chrome 65.0" name="Integration | Component | nypr brick item: it renders" time="0.035"/><testcase classname="Chrome 65.0" name="Integration | Component | nypr brick layout: it renders" time="0.073"/><testcase classname="Chrome 65.0" name="Integration | Component | nypr brick layout: deeper yields" time="0.075"/><testcase classname="Chrome 65.0" name="Integration | Component | nypr brick row blowout: blow out variants" time="0.063"/><testcase classname="Chrome 65.0" name="Integration | Component | nypr brick row blowout/column: it renders" time="0.027"/><testcase classname="Chrome 65.0" name="Integration | Component | nypr brick card grid: it renders" time="0.031"/><testcase classname="Chrome 65.0" name="Integration | Component | nypr card: it renders" time="0.036"/><testcase classname="Chrome 65.0" name="Integration | Component | nypr card: it renders a title" time="0.036"/><testcase classname="Chrome 65.0" name="Integration | Component | nypr card: it calls an action passed from the top level" time="0.037"/><testcase classname="Chrome 65.0" name="Integration | Component | nypr card: it renders a button which can fire an action" time="0.033"/><testcase classname="Chrome 65.0" name="Integration | Component | nypr card/alert: it renders" time="0.033"/><testcase classname="Chrome 65.0" name="Integration | Component | nypr card/button: it renders" time="0.032"/><testcase classname="Chrome 65.0" name="Integration | Component | nypr card/header: it renders" time="0.032"/><testcase classname="Chrome 65.0" name="Integration | Component | nypr card/title: it renders" time="0.029"/><testcase classname="Chrome 65.0" name="Integration | Component | nypr floating banner: it renders" time="0.036"/><testcase classname="Chrome 65.0" name="Integration | Component | nypr floating banner: it can be dismissed" time="0.032"/><testcase classname="Chrome 65.0" name="Integration | Component | nypr form: it renders" time="0.030"/><testcase classname="Chrome 65.0" name="Integration | Component | nypr form: it succeeds" time="0.032"/><testcase classname="Chrome 65.0" name="Integration | Component | nypr form: it fails" time="0.029"/><testcase classname="Chrome 65.0" name="Integration | Component | nypr form: it invalids" time="0.032"/><testcase classname="Chrome 65.0" name="Integration | Component | nypr input: it renders" time="0.029"/><testcase classname="Chrome 65.0" name="Integration | Component | nypr input: it displays a label" time="0.031"/><testcase classname="Chrome 65.0" name="Integration | Component | nypr input: it shows error text at the right times" time="0.037"/><testcase classname="Chrome 65.0" name="Integration | Component | nypr input: it shows error when you try to sumbit" time="0.026"/><testcase classname="Chrome 65.0" name="Integration | Component | nypr input: it shows advice text at the right times" time="0.036"/><testcase classname="Chrome 65.0" name="Integration | Component | nypr input: it calls the onChange event" time="0.031"/><testcase classname="Chrome 65.0" name="Integration | Component | nypr input: it calls the onInput event" time="0.030"/><testcase classname="Chrome 65.0" name="Integration | Component | nypr loading templates: it renders" time="0.039"/><testcase classname="Chrome 65.0" name="Integration | Component | nypr mini chrome: it renders" time="0.029"/><testcase classname="Chrome 65.0" name="Integration | Component | nypr multi card: basic usage" time="0.038"/><testcase classname="Chrome 65.0" name="Integration | Component | nypr multi card: advanced usage" time="0.069"/><testcase classname="Chrome 65.0" name="Integration | Component | nypr-multi-card/panel card: it does not render unless active" time="0.033"/><testcase classname="Chrome 65.0" name="Integration | Component | nypr-multi-card/panel card: renders an nypr-card if active" time="0.027"/><testcase classname="Chrome 65.0" name="Integration | Component | nypr-multi-card/panel card: fires the setActive action" time="0.028"/><testcase classname="Chrome 65.0" name="Integration | Component | nypr notification: it renders" time="0.026"/><testcase classname="Chrome 65.0" name="Integration | Component | nypr popup menu: it renders" time="0.031"/><testcase classname="Chrome 65.0" name="Integration | Component | nypr popup menu: it toggles the popup when you click the button" time="0.059"/><testcase classname="Chrome 65.0" name="Integration | Component | nypr popup menu: it closes the popup when you click outside" time="0.049"/><testcase classname="Chrome 65.0" name="Integration | Component | nypr popup menu: it closes the popup when you send a close action" time="0.053"/><testcase classname="Chrome 65.0" name="Integration | Component | nypr popup menu: it does not close the popup when you click on the bubble" time="0.053"/><testcase classname="Chrome 65.0" name="Integration | Component | nypr popup menu: it works correctly with two buttons" time="0.058"/><testcase classname="Chrome 65.0" name="Integration | Component | nypr share button: it renders" time="0.033"/><testcase classname="Chrome 65.0" name="Integration | Component | nypr share button: it renders the correct number of links" time="0.029"/><testcase classname="Chrome 65.0" name="Integration | Component | nypr share button: email link has correct url when passed shareUrl" time="0.030"/><testcase classname="Chrome 65.0" name="Integration | Component | nypr share button: it closes the popup when you click the facebook share button" time="0.065"/><testcase classname="Chrome 65.0" name="Integration | Component | nypr share button: it closes the popup when you click the twitter share button" time="0.056"/><testcase classname="Chrome 65.0" name="Integration | Component | nypr share button: it closes the popup when you click the email share button" time="0.056"/><testcase classname="Chrome 65.0" name="Integration | Component | nypr share button: it calls onShare when you click the facebook share button" time="0.061"/><testcase classname="Chrome 65.0" name="Integration | Component | nypr share button: it calls onShare when you click the twitter share button" time="0.067"/><testcase classname="Chrome 65.0" name="Integration | Component | nypr share button: it calls onShare when you click the email link" time="0.280"/><testcase classname="Chrome 65.0" name="Integration | Component | nypr share button: onShare can be customized with additional data that share button doesnt need to know about " time="0.558"/><testcase classname="Chrome 65.0" name="Integration | Component | nypr social icons: it renders" time="0.248"/><testcase classname="Chrome 65.0" name="Integration | Component | nypr story/header content/buttons: it renders" time="0.568"/><testcase classname="Chrome 65.0" name="Integration | Component | nypr story/header content/message: it renders" time="0.156"/><testcase classname="Chrome 65.0" name="Integration | Component | nypr story/segment/buttons: it renders" time="0.028"/><testcase classname="Chrome 65.0" name="Integration | Component | nypr story/segment/message: it renders" time="0.228"/><testcase classname="Chrome 65.0" name="Integration | Component | nypr svg: it renders" time="0.025"/><testcase classname="Chrome 65.0" name="Integration | Component | nypr tabs: it renders" time="0.031"/><testcase classname="Chrome 65.0" name="Integration | Component | nypr tabs: each tab renders its own content" time="0.050"/><testcase classname="Chrome 65.0" name="Integration | Component | nypr-ui/brand-header: it renders with ref" time="0.193"/><testcase classname="Chrome 65.0" name="Integration | Component | nypr-ui/brand-header: clicking nypr network opens menu" time="0.197"/><testcase classname="Chrome 65.0" name="Integration | Component | nypr ui/buttons/red: it renders" time="0.042"/><testcase classname="Chrome 65.0" name="Integration | Component | nypr ui/buttons/red: it fires the click handler" time="0.037"/><testcase classname="Chrome 65.0" name="Integration | Component | site chrome: it renders" time="0.026"/><testcase classname="Chrome 65.0" name="Integration | Component | site chrome: top level blocks" time="0.030"/><testcase classname="Chrome 65.0" name="Integration | Component | site chrome: full usage" time="0.064"/><testcase classname="Chrome 65.0" name="Integration | Component | site chrome/body: it renders" time="0.028"/><testcase classname="Chrome 65.0" name="Integration | Component | site chrome/footer: it renders" time="0.032"/><testcase classname="Chrome 65.0" name="Integration | Component | site chrome/nav: it renders" time="0.027"/><testcase classname="Chrome 65.0" name="Integration | Component | site chrome/nav/corner: it renders" time="0.029"/><testcase classname="Chrome 65.0" name="Integration | Component | site chrome/nav/footer: it renders" time="0.025"/><testcase classname="Chrome 65.0" name="Integration | Component | site chrome/nav/link: it renders" time="0.031"/><testcase classname="Chrome 65.0" name="Integration | Component | site chrome/nav/links: it renders" time="0.034"/><testcase classname="Chrome 65.0" name="Integration | Component | site chrome/top: it renders" time="0.024"/><testcase classname="Chrome 65.0" name="Integration | Component | site chrome/top/body: it renders" time="0.033"/><testcase classname="Chrome 65.0" name="Integration | Component | site chrome/top/button: it renders" time="0.033"/><testcase classname="Chrome 65.0" name="Integration | Component | site chrome/top/right: it renders" time="0.032"/><testcase classname="Chrome 65.0" name="helper:image-sizes: it renders" time="0.030"/><testcase classname="Chrome 65.0" name="helper:image-srcset: it renders" time="0.027"/><testcase classname="Chrome 65.0" name="Integration | Helper | image-template: if no quality is supplied it requests 85" time="0.152"/><testcase classname="Chrome 65.0" name="Integration | Helper | image-template: it accepts width and height parameters" time="0.151"/><testcase classname="Chrome 65.0" name="Integration | Helper | image-template: it accepts a quality parameter" time="0.160"/><testcase classname="Chrome 65.0" name="helper:link-or-text: it renders link" time="0.027"/><testcase classname="Chrome 65.0" name="helper:link-or-text: it renders text" time="0.029"/><testcase classname="Chrome 65.0" name="ESLint | tests: helpers/destroy-app.js" time="0.001"/><testcase classname="Chrome 65.0" name="ESLint | tests: helpers/module-for-acceptance.js" time="0"/><testcase classname="Chrome 65.0" name="ESLint | tests: helpers/start-app.js" time="0.001"/><testcase classname="Chrome 65.0" name="ESLint | tests: integration/components/animated-loading-icon-test.js" time="0"/><testcase classname="Chrome 65.0" name="ESLint | tests: integration/components/dropdown-panel-test.js" time="0"/><testcase classname="Chrome 65.0" name="ESLint | tests: integration/components/dropdown-panel/body-test.js" time="0"/><testcase classname="Chrome 65.0" name="ESLint | tests: integration/components/hero-test.js" time="0"/><testcase classname="Chrome 65.0" name="ESLint | tests: integration/components/hero/blurb-test.js" time="0.001"/><testcase classname="Chrome 65.0" name="ESLint | tests: integration/components/hero/footer-test.js" time="0.001"/><testcase classname="Chrome 65.0" name="ESLint | tests: integration/components/hero/headline-test.js" time="0"/><testcase classname="Chrome 65.0" name="ESLint | tests: integration/components/hero/image-test.js" time="0"/><testcase classname="Chrome 65.0" name="ESLint | tests: integration/components/hero/lockup-test.js" time="0"/><testcase classname="Chrome 65.0" name="ESLint | tests: integration/components/hero/top-test.js" time="0.001"/><testcase classname="Chrome 65.0" name="ESLint | tests: integration/components/hero/top/left-test.js" time="0"/><testcase classname="Chrome 65.0" name="ESLint | tests: integration/components/hero/top/right-test.js" time="0"/><testcase classname="Chrome 65.0" name="ESLint | tests: integration/components/network-stripe-test.js" time="0"/><testcase classname="Chrome 65.0" name="ESLint | tests: integration/components/nypr-brick-card-row-test.js" time="0"/><testcase classname="Chrome 65.0" name="ESLint | tests: integration/components/nypr-brick-item-test.js" time="0"/><testcase classname="Chrome 65.0" name="ESLint | tests: integration/components/nypr-brick-layout-test.js" time="0"/><testcase classname="Chrome 65.0" name="ESLint | tests: integration/components/nypr-brick-row-blowout-test.js" time="0.001"/><testcase classname="Chrome 65.0" name="ESLint | tests: integration/components/nypr-brick-row-blowout/column-test.js" time="0"/><testcase classname="Chrome 65.0" name="ESLint | tests: integration/components/nypr-brick-test.js" time="0"/><testcase classname="Chrome 65.0" name="ESLint | tests: integration/components/nypr-card-test.js" time="0"/><testcase classname="Chrome 65.0" name="ESLint | tests: integration/components/nypr-card/alert-test.js" time="0"/><testcase classname="Chrome 65.0" name="ESLint | tests: integration/components/nypr-card/button-test.js" time="0"/><testcase classname="Chrome 65.0" name="ESLint | tests: integration/components/nypr-card/header-test.js" time="0"/><testcase classname="Chrome 65.0" name="ESLint | tests: integration/components/nypr-card/title-test.js" time="0"/><testcase classname="Chrome 65.0" name="ESLint | tests: integration/components/nypr-floating-banner-test.js" time="0"/><testcase classname="Chrome 65.0" name="ESLint | tests: integration/components/nypr-form-test.js" time="0"/><testcase classname="Chrome 65.0" name="ESLint | tests: integration/components/nypr-input-test.js" time="0"/><testcase classname="Chrome 65.0" name="ESLint | tests: integration/components/nypr-loading-templates-test.js" time="0"/><testcase classname="Chrome 65.0" name="ESLint | tests: integration/components/nypr-mini-chrome-test.js" time="0.001"/><testcase classname="Chrome 65.0" name="ESLint | tests: integration/components/nypr-multi-card-test.js" time="0.001"/><testcase classname="Chrome 65.0" name="ESLint | tests: integration/components/nypr-multi-card/panel-test.js" time="0"/><testcase classname="Chrome 65.0" name="ESLint | tests: integration/components/nypr-notification-test.js" time="0"/><testcase classname="Chrome 65.0" name="ESLint | tests: integration/components/nypr-popup-menu-test.js" time="0"/><testcase classname="Chrome 65.0" name="ESLint | tests: integration/components/nypr-share-button-test.js" time="0"/><testcase classname="Chrome 65.0" name="ESLint | tests: integration/components/nypr-social-icons-test.js" time="0.001"/><testcase classname="Chrome 65.0" name="ESLint | tests: integration/components/nypr-story/header-content/buttons-test.js" time="0"/><testcase classname="Chrome 65.0" name="ESLint | tests: integration/components/nypr-story/header-content/message-test.js" time="0"/><testcase classname="Chrome 65.0" name="ESLint | tests: integration/components/nypr-story/segment/buttons-test.js" time="0"/><testcase classname="Chrome 65.0" name="ESLint | tests: integration/components/nypr-story/segment/message-test.js" time="0"/><testcase classname="Chrome 65.0" name="ESLint | tests: integration/components/nypr-svg-test.js" time="0"/><testcase classname="Chrome 65.0" name="ESLint | tests: integration/components/nypr-tabs-test.js" time="0"/><testcase classname="Chrome 65.0" name="ESLint | tests: integration/components/nypr-ui/brand-header-test.js" time="0"/><testcase classname="Chrome 65.0" name="ESLint | tests: integration/components/nypr-ui/buttons/red-test.js" time="0"/><testcase classname="Chrome 65.0" name="ESLint | tests: integration/components/site-chrome-test.js" time="0"/><testcase classname="Chrome 65.0" name="ESLint | tests: integration/components/site-chrome/body-test.js" time="0.001"/><testcase classname="Chrome 65.0" name="ESLint | tests: integration/components/site-chrome/footer-test.js" time="0"/><testcase classname="Chrome 65.0" name="ESLint | tests: integration/components/site-chrome/nav-test.js" time="0"/><testcase classname="Chrome 65.0" name="ESLint | tests: integration/components/site-chrome/nav/corner-test.js" time="0"/><testcase classname="Chrome 65.0" name="ESLint | tests: integration/components/site-chrome/nav/footer-test.js" time="0"/><testcase classname="Chrome 65.0" name="ESLint | tests: integration/components/site-chrome/nav/link-test.js" time="0"/><testcase classname="Chrome 65.0" name="ESLint | tests: integration/components/site-chrome/nav/links-test.js" time="0"/><testcase classname="Chrome 65.0" name="ESLint | tests: integration/components/site-chrome/top-test.js" time="0.001"/><testcase classname="Chrome 65.0" name="ESLint | tests: integration/components/site-chrome/top/body-test.js" time="0"/><testcase classname="Chrome 65.0" name="ESLint | tests: integration/components/site-chrome/top/button-test.js" time="0"/><testcase classname="Chrome 65.0" name="ESLint | tests: integration/components/site-chrome/top/right-test.js" time="0.001"/><testcase classname="Chrome 65.0" name="ESLint | tests: integration/helpers/image-sizes-test.js" time="0"/><testcase classname="Chrome 65.0" name="ESLint | tests: integration/helpers/image-srcset-test.js" time="0"/><testcase classname="Chrome 65.0" name="ESLint | tests: integration/helpers/image-template-test.js" time="0"/><testcase classname="Chrome 65.0" name="ESLint | tests: integration/helpers/link-or-text-test.js" time="0"/><testcase classname="Chrome 65.0" name="ESLint | tests: test-helper.js" time="0.001"/><testcase classname="Chrome 65.0" name="ESLint | tests: unit/helpers/share-url-test.js" time="0"/><testcase classname="Chrome 65.0" name="ESLint | tests: unit/helpers/url-encode-test.js" time="0"/><testcase classname="Chrome 65.0" name="ESLint | tests: unit/mixins/sticky-header-test.js" time="0"/><testcase classname="Chrome 65.0" name="ESLint | tests: unit/utils/animated-loading-icon-test.js" time="0.001"/><testcase classname="Chrome 65.0" name="Unit | Helper | share url: it generates the correct share urls" time="0.001"/><testcase classname="Chrome 65.0" name="Unit | Helper | url encode: it works" time="0"/><testcase classname="Chrome 65.0" name="Unit | Mixin | sticky header: it works" time="0"/><testcase classname="Chrome 65.0" name="Unit | Utility | animated loading icon: it works" time="0.001"/><testcase classname="Chrome 65.0" name="ember-qunit: Ember.onerror validation: Ember.onerror is functioning properly" time="0"/><testcase classname="Chrome 65.0" name="Global error: Uncaught Error: 
Error: Could not find module `dummy/tests/helpers/ember-basic-dropdown` imported from `dummy/tests/integration/components/dropdown-panel-test` at http://localhost:7357/assets/test-support.js, line 26089
" time="0"><failure/></testcase><testcase classname="Chrome 65.0" name="Unit | Utility | animated loading icon: global failure" time="0.001"><error message="Uncaught Error: 
Error: Could not find module `dummy/tests/helpers/ember-basic-dropdown` imported from `dummy/tests/integration/components/dropdown-panel-test`"><![CDATA[http://localhost:7357/assets/test-support.js:26089]]></error></testcase></testsuite>
